# JRE version: Java(TM) SE Runtime Environment (8.0_20-b26) (build 1.8.0_20-b26)
# Java VM: Java HotSpot(TM) 64-Bit Server VM (25.20-b23 mixed mode linux-amd64 compressed oops)
Heap:
 PSYoungGen      total 18432K, used 14143K [0x00000000eb800000, 0x00000000edc00000, 0x0000000100000000)
  eden space 15872K, 87% used [0x00000000eb800000,0x00000000ec588d80,0x00000000ec780000)
  from space 2560K, 11% used [0x00000000ec780000,0x00000000ec7c7120,0x00000000eca00000)
  to   space 2560K, 0% used [0x00000000ed980000,0x00000000ed980000,0x00000000edc00000)
 ParOldGen       total 42496K, used 18405K [0x00000000c2800000, 0x00000000c5180000, 0x00000000eb800000)
  object space 42496K, 43% used [0x00000000c2800000,0x00000000c39f97c0,0x00000000c5180000)
 Metaspace       used 13099K, capacity 13276K, committed 13440K, reserved 1060864K
  class space    used 1316K, capacity 1375K, committed 1408K, reserved 1048576K
GC Heap History (8 events):
Event: 1,797 GC heap before
{Heap before GC invocations=1 (full 0):
 PSYoungGen      total 18432K, used 15872K [0x00000000eb800000, 0x00000000ecc80000, 0x0000000100000000)
  eden space 15872K, 100% used [0x00000000eb800000,0x00000000ec780000,0x00000000ec780000)
  from space 2560K, 0% used [0x00000000eca00000,0x00000000eca00000,0x00000000ecc80000)
  to   space 2560K, 0% used [0x00000000ec780000,0x00000000ec780000,0x00000000eca00000)
 ParOldGen       total 42496K, used 0K [0x00000000c2800000, 0x00000000c5180000, 0x00000000eb800000)
  object space 42496K, 0% used [0x00000000c2800000,0x00000000c2800000,0x00000000c5180000)
 Metaspace       used 8989K, capacity 9152K, committed 9472K, reserved 1058816K
  class space    used 885K, capacity 921K, committed 1024K, reserved 1048576K
Event: 1,808 GC heap after
Heap after GC invocations=1 (full 0):
 PSYoungGen      total 18432K, used 2548K [0x00000000eb800000, 0x00000000ecc80000, 0x0000000100000000)
  eden space 15872K, 0% used [0x00000000eb800000,0x00000000eb800000,0x00000000ec780000)
  from space 2560K, 99% used [0x00000000ec780000,0x00000000ec9fd1a8,0x00000000eca00000)
  to   space 2560K, 0% used [0x00000000eca00000,0x00000000eca00000,0x00000000ecc80000)
 ParOldGen       total 42496K, used 1338K [0x00000000c2800000, 0x00000000c5180000, 0x00000000eb800000)
  object space 42496K, 3% used [0x00000000c2800000,0x00000000c294e870,0x00000000c5180000)
 Metaspace       used 8989K, capacity 9152K, committed 9472K, reserved 1058816K
  class space    used 885K, capacity 921K, committed 1024K, reserved 1048576K
}
Event: 2,862 GC heap before
{Heap before GC invocations=2 (full 0):
 PSYoungGen      total 18432K, used 15687K [0x00000000eb800000, 0x00000000ecc80000, 0x0000000100000000)
  eden space 15872K, 82% used [0x00000000eb800000,0x00000000ec4d4b30,0x00000000ec780000)
  from space 2560K, 99% used [0x00000000ec780000,0x00000000ec9fd1a8,0x00000000eca00000)
  to   space 2560K, 0% used [0x00000000eca00000,0x00000000eca00000,0x00000000ecc80000)
 ParOldGen       total 42496K, used 1338K [0x00000000c2800000, 0x00000000c5180000, 0x00000000eb800000)
  object space 42496K, 3% used [0x00000000c2800000,0x00000000c294e870,0x00000000c5180000)
 Metaspace       used 13033K, capacity 13150K, committed 13440K, reserved 1060864K
  class space    used 1310K, capacity 1376K, committed 1408K, reserved 1048576K
Event: 2,873 GC heap after
Heap after GC invocations=2 (full 0):
 PSYoungGen      total 18432K, used 2543K [0x00000000eb800000, 0x00000000ecc80000, 0x0000000100000000)
  eden space 15872K, 0% used [0x00000000eb800000,0x00000000eb800000,0x00000000ec780000)
  from space 2560K, 99% used [0x00000000eca00000,0x00000000ecc7bd20,0x00000000ecc80000)
  to   space 2560K, 0% used [0x00000000ec780000,0x00000000ec780000,0x00000000eca00000)
 ParOldGen       total 42496K, used 5166K [0x00000000c2800000, 0x00000000c5180000, 0x00000000eb800000)
  object space 42496K, 12% used [0x00000000c2800000,0x00000000c2d0b918,0x00000000c5180000)
 Metaspace       used 13033K, capacity 13150K, committed 13440K, reserved 1060864K
  class space    used 1310K, capacity 1376K, committed 1408K, reserved 1048576K
}
Event: 2,873 GC heap before
{Heap before GC invocations=3 (full 1):
 PSYoungGen      total 18432K, used 2543K [0x00000000eb800000, 0x00000000ecc80000, 0x0000000100000000)
  eden space 15872K, 0% used [0x00000000eb800000,0x00000000eb800000,0x00000000ec780000)
  from space 2560K, 99% used [0x00000000eca00000,0x00000000ecc7bd20,0x00000000ecc80000)
  to   space 2560K, 0% used [0x00000000ec780000,0x00000000ec780000,0x00000000eca00000)
 ParOldGen       total 42496K, used 5166K [0x00000000c2800000, 0x00000000c5180000, 0x00000000eb800000)
  object space 42496K, 12% used [0x00000000c2800000,0x00000000c2d0b918,0x00000000c5180000)
 Metaspace       used 13033K, capacity 13150K, committed 13440K, reserved 1060864K
  class space    used 1310K, capacity 1376K, committed 1408K, reserved 1048576K
Event: 2,908 GC heap after
Heap after GC invocations=3 (full 1):
 PSYoungGen      total 18432K, used 0K [0x00000000eb800000, 0x00000000ecc80000, 0x0000000100000000)
  eden space 15872K, 0% used [0x00000000eb800000,0x00000000eb800000,0x00000000ec780000)
  from space 2560K, 0% used [0x00000000eca00000,0x00000000eca00000,0x00000000ecc80000)
  to   space 2560K, 0% used [0x00000000ec780000,0x00000000ec780000,0x00000000eca00000)
 ParOldGen       total 42496K, used 6109K [0x00000000c2800000, 0x00000000c5180000, 0x00000000eb800000)
  object space 42496K, 14% used [0x00000000c2800000,0x00000000c2df7790,0x00000000c5180000)
 Metaspace       used 13031K, capacity 13148K, committed 13440K, reserved 1060864K
  class space    used 1309K, capacity 1375K, committed 1408K, reserved 1048576K
}
Event: 3,576 GC heap before
{Heap before GC invocations=4 (full 1):
 PSYoungGen      total 18432K, used 15174K [0x00000000eb800000, 0x00000000ecc80000, 0x0000000100000000)
  eden space 15872K, 95% used [0x00000000eb800000,0x00000000ec6d1ad0,0x00000000ec780000)
  from space 2560K, 0% used [0x00000000eca00000,0x00000000eca00000,0x00000000ecc80000)
  to   space 2560K, 0% used [0x00000000ec780000,0x00000000ec780000,0x00000000eca00000)
 ParOldGen       total 42496K, used 6109K [0x00000000c2800000, 0x00000000c5180000, 0x00000000eb800000)
  object space 42496K, 14% used [0x00000000c2800000,0x00000000c2df7790,0x00000000c5180000)
 Metaspace       used 13065K, capacity 13212K, committed 13440K, reserved 1060864K
  class space    used 1311K, capacity 1375K, committed 1408K, reserved 1048576K
Event: 3,587 GC heap after
Heap after GC invocations=4 (full 1):
 PSYoungGen      total 18432K, used 284K [0x00000000eb800000, 0x00000000edc00000, 0x0000000100000000)
  eden space 15872K, 0% used [0x00000000eb800000,0x00000000eb800000,0x00000000ec780000)
  from space 2560K, 11% used [0x00000000ec780000,0x00000000ec7c7120,0x00000000eca00000)
  to   space 2560K, 0% used [0x00000000ed980000,0x00000000ed980000,0x00000000edc00000)
 ParOldGen       total 42496K, used 18405K [0x00000000c2800000, 0x00000000c5180000, 0x00000000eb800000)
  object space 42496K, 43% used [0x00000000c2800000,0x00000000c39f97c0,0x00000000c5180000)
 Metaspace       used 13065K, capacity 13212K, committed 13440K, reserved 1060864K
  class space    used 1311K, capacity 1375K, committed 1408K, reserved 1048576K
}

