# JRE version: Java(TM) SE Runtime Environment (8.0_25-b17) (build 1.8.0_25-b17)
# Java VM: Java HotSpot(TM) 64-Bit Server VM (25.25-b02 mixed mode linux-amd64 compressed oops)
Heap:
 PSYoungGen      total 18432K, used 8289K [0x00000000eb800000, 0x00000000edc00000, 0x0000000100000000)
  eden space 15872K, 50% used [0x00000000eb800000,0x00000000ebfc9668,0x00000000ec780000)
  from space 2560K, 12% used [0x00000000ec780000,0x00000000ec7cf120,0x00000000eca00000)
  to   space 2560K, 0% used [0x00000000ed980000,0x00000000ed980000,0x00000000edc00000)
 ParOldGen       total 42496K, used 18406K [0x00000000c2800000, 0x00000000c5180000, 0x00000000eb800000)
  object space 42496K, 43% used [0x00000000c2800000,0x00000000c39f9ad8,0x00000000c5180000)
 Metaspace       used 12968K, capacity 13148K, committed 13440K, reserved 1060864K
  class space    used 1316K, capacity 1375K, committed 1408K, reserved 1048576K
GC Heap History (8 events):
Event: 1,852 GC heap before
{Heap before GC invocations=1 (full 0):
 PSYoungGen      total 18432K, used 15872K [0x00000000eb800000, 0x00000000ecc80000, 0x0000000100000000)
  eden space 15872K, 100% used [0x00000000eb800000,0x00000000ec780000,0x00000000ec780000)
  from space 2560K, 0% used [0x00000000eca00000,0x00000000eca00000,0x00000000ecc80000)
  to   space 2560K, 0% used [0x00000000ec780000,0x00000000ec780000,0x00000000eca00000)
 ParOldGen       total 42496K, used 0K [0x00000000c2800000, 0x00000000c5180000, 0x00000000eb800000)
  object space 42496K, 0% used [0x00000000c2800000,0x00000000c2800000,0x00000000c5180000)
 Metaspace       used 10511K, capacity 10642K, committed 10880K, reserved 1058816K
  class space    used 1055K, capacity 1116K, committed 1152K, reserved 1048576K
Event: 1,862 GC heap after
Heap after GC invocations=1 (full 0):
 PSYoungGen      total 18432K, used 2531K [0x00000000eb800000, 0x00000000ecc80000, 0x0000000100000000)
  eden space 15872K, 0% used [0x00000000eb800000,0x00000000eb800000,0x00000000ec780000)
  from space 2560K, 98% used [0x00000000ec780000,0x00000000ec9f8d28,0x00000000eca00000)
  to   space 2560K, 0% used [0x00000000eca00000,0x00000000eca00000,0x00000000ecc80000)
 ParOldGen       total 42496K, used 1671K [0x00000000c2800000, 0x00000000c5180000, 0x00000000eb800000)
  object space 42496K, 3% used [0x00000000c2800000,0x00000000c29a1d78,0x00000000c5180000)
 Metaspace       used 10511K, capacity 10642K, committed 10880K, reserved 1058816K
  class space    used 1055K, capacity 1116K, committed 1152K, reserved 1048576K
}
Event: 2,852 GC heap before
{Heap before GC invocations=2 (full 0):
 PSYoungGen      total 18432K, used 14880K [0x00000000eb800000, 0x00000000ecc80000, 0x0000000100000000)
  eden space 15872K, 77% used [0x00000000eb800000,0x00000000ec40f398,0x00000000ec780000)
  from space 2560K, 98% used [0x00000000ec780000,0x00000000ec9f8d28,0x00000000eca00000)
  to   space 2560K, 0% used [0x00000000eca00000,0x00000000eca00000,0x00000000ecc80000)
 ParOldGen       total 42496K, used 1671K [0x00000000c2800000, 0x00000000c5180000, 0x00000000eb800000)
  object space 42496K, 3% used [0x00000000c2800000,0x00000000c29a1d78,0x00000000c5180000)
 Metaspace       used 12896K, capacity 13022K, committed 13184K, reserved 1060864K
  class space    used 1310K, capacity 1376K, committed 1408K, reserved 1048576K
Event: 2,864 GC heap after
Heap after GC invocations=2 (full 0):
 PSYoungGen      total 18432K, used 2534K [0x00000000eb800000, 0x00000000ecc80000, 0x0000000100000000)
  eden space 15872K, 0% used [0x00000000eb800000,0x00000000eb800000,0x00000000ec780000)
  from space 2560K, 99% used [0x00000000eca00000,0x00000000ecc79ae0,0x00000000ecc80000)
  to   space 2560K, 0% used [0x00000000ec780000,0x00000000ec780000,0x00000000eca00000)
 ParOldGen       total 42496K, used 5419K [0x00000000c2800000, 0x00000000c5180000, 0x00000000eb800000)
  object space 42496K, 12% used [0x00000000c2800000,0x00000000c2d4ad78,0x00000000c5180000)
 Metaspace       used 12896K, capacity 13022K, committed 13184K, reserved 1060864K
  class space    used 1310K, capacity 1376K, committed 1408K, reserved 1048576K
}
Event: 2,864 GC heap before
{Heap before GC invocations=3 (full 1):
 PSYoungGen      total 18432K, used 2534K [0x00000000eb800000, 0x00000000ecc80000, 0x0000000100000000)
  eden space 15872K, 0% used [0x00000000eb800000,0x00000000eb800000,0x00000000ec780000)
  from space 2560K, 99% used [0x00000000eca00000,0x00000000ecc79ae0,0x00000000ecc80000)
  to   space 2560K, 0% used [0x00000000ec780000,0x00000000ec780000,0x00000000eca00000)
 ParOldGen       total 42496K, used 5419K [0x00000000c2800000, 0x00000000c5180000, 0x00000000eb800000)
  object space 42496K, 12% used [0x00000000c2800000,0x00000000c2d4ad78,0x00000000c5180000)
 Metaspace       used 12896K, capacity 13022K, committed 13184K, reserved 1060864K
  class space    used 1310K, capacity 1376K, committed 1408K, reserved 1048576K
Event: 2,921 GC heap after
Heap after GC invocations=3 (full 1):
 PSYoungGen      total 18432K, used 0K [0x00000000eb800000, 0x00000000ecc80000, 0x0000000100000000)
  eden space 15872K, 0% used [0x00000000eb800000,0x00000000eb800000,0x00000000ec780000)
  from space 2560K, 0% used [0x00000000eca00000,0x00000000eca00000,0x00000000ecc80000)
  to   space 2560K, 0% used [0x00000000ec780000,0x00000000ec780000,0x00000000eca00000)
 ParOldGen       total 42496K, used 6110K [0x00000000c2800000, 0x00000000c5180000, 0x00000000eb800000)
  object space 42496K, 14% used [0x00000000c2800000,0x00000000c2df7aa8,0x00000000c5180000)
 Metaspace       used 12895K, capacity 13020K, committed 13184K, reserved 1060864K
  class space    used 1309K, capacity 1375K, committed 1408K, reserved 1048576K
}
Event: 3,670 GC heap before
{Heap before GC invocations=4 (full 1):
 PSYoungGen      total 18432K, used 15039K [0x00000000eb800000, 0x00000000ecc80000, 0x0000000100000000)
  eden space 15872K, 94% used [0x00000000eb800000,0x00000000ec6afda0,0x00000000ec780000)
  from space 2560K, 0% used [0x00000000eca00000,0x00000000eca00000,0x00000000ecc80000)
  to   space 2560K, 0% used [0x00000000ec780000,0x00000000ec780000,0x00000000eca00000)
 ParOldGen       total 42496K, used 6110K [0x00000000c2800000, 0x00000000c5180000, 0x00000000eb800000)
  object space 42496K, 14% used [0x00000000c2800000,0x00000000c2df7aa8,0x00000000c5180000)
 Metaspace       used 12942K, capacity 13084K, committed 13184K, reserved 1060864K
  class space    used 1312K, capacity 1375K, committed 1408K, reserved 1048576K
Event: 3,705 GC heap after
Heap after GC invocations=4 (full 1):
 PSYoungGen      total 18432K, used 316K [0x00000000eb800000, 0x00000000edc00000, 0x0000000100000000)
  eden space 15872K, 0% used [0x00000000eb800000,0x00000000eb800000,0x00000000ec780000)
  from space 2560K, 12% used [0x00000000ec780000,0x00000000ec7cf120,0x00000000eca00000)
  to   space 2560K, 0% used [0x00000000ed980000,0x00000000ed980000,0x00000000edc00000)
 ParOldGen       total 42496K, used 18406K [0x00000000c2800000, 0x00000000c5180000, 0x00000000eb800000)
  object space 42496K, 43% used [0x00000000c2800000,0x00000000c39f9ad8,0x00000000c5180000)
 Metaspace       used 12942K, capacity 13084K, committed 13184K, reserved 1060864K
  class space    used 1312K, capacity 1375K, committed 1408K, reserved 1048576K
}

