# JRE version: Java(TM) SE Runtime Environment (8.0_20-b26) (build 1.8.0_20-b26)
# Java VM: Java HotSpot(TM) 64-Bit Server VM (25.20-b23 mixed mode linux-amd64 compressed oops)
Heap:
 PSYoungGen      total 125952K, used 121279K [0x00000000eb800000, 0x00000000fae00000, 0x0000000100000000)
  eden space 117248K, 98% used [0x00000000eb800000,0x00000000f294bd28,0x00000000f2a80000)
  from space 8704K, 60% used [0x00000000f2a80000,0x00000000f2fa41a8,0x00000000f3300000)
  to   space 8704K, 29% used [0x00000000fa580000,0x00000000fa8000b0,0x00000000fae00000)
 ParOldGen       total 42496K, used 27383K [0x00000000c2800000, 0x00000000c5180000, 0x00000000eb800000)
  object space 42496K, 64% used [0x00000000c2800000,0x00000000c42bfe38,0x00000000c5180000)
 Metaspace       used 15018K, capacity 15176K, committed 15488K, reserved 1062912K
  class space    used 1500K, capacity 1537K, committed 1664K, reserved 1048576K
GC Heap History (10 events):
Event: 4,676 GC heap before
{Heap before GC invocations=6 (full 1):
 PSYoungGen      total 34304K, used 32030K [0x00000000eb800000, 0x00000000edc00000, 0x0000000100000000)
  eden space 31744K, 99% used [0x00000000eb800000,0x00000000ed6e89b0,0x00000000ed700000)
  from space 2560K, 14% used [0x00000000ed980000,0x00000000ed9df120,0x00000000edc00000)
  to   space 2560K, 0% used [0x00000000ed700000,0x00000000ed700000,0x00000000ed980000)
 ParOldGen       total 42496K, used 18147K [0x00000000c2800000, 0x00000000c5180000, 0x00000000eb800000)
  object space 42496K, 42% used [0x00000000c2800000,0x00000000c39b8db8,0x00000000c5180000)
 Metaspace       used 13131K, capacity 13282K, committed 13440K, reserved 1060864K
  class space    used 1336K, capacity 1376K, committed 1408K, reserved 1048576K
Event: 4,680 GC heap after
Heap after GC invocations=6 (full 1):
 PSYoungGen      total 34304K, used 862K [0x00000000eb800000, 0x00000000efb00000, 0x0000000100000000)
  eden space 31744K, 0% used [0x00000000eb800000,0x00000000eb800000,0x00000000ed700000)
  from space 2560K, 33% used [0x00000000ed700000,0x00000000ed7d78d0,0x00000000ed980000)
  to   space 2560K, 0% used [0x00000000ef880000,0x00000000ef880000,0x00000000efb00000)
 ParOldGen       total 42496K, used 18155K [0x00000000c2800000, 0x00000000c5180000, 0x00000000eb800000)
  object space 42496K, 42% used [0x00000000c2800000,0x00000000c39badb8,0x00000000c5180000)
 Metaspace       used 13131K, capacity 13282K, committed 13440K, reserved 1060864K
  class space    used 1336K, capacity 1376K, committed 1408K, reserved 1048576K
}
Event: 5,113 GC heap before
{Heap before GC invocations=7 (full 1):
 PSYoungGen      total 34304K, used 28214K [0x00000000eb800000, 0x00000000efb00000, 0x0000000100000000)
  eden space 31744K, 86% used [0x00000000eb800000,0x00000000ed2b5f68,0x00000000ed700000)
  from space 2560K, 33% used [0x00000000ed700000,0x00000000ed7d78d0,0x00000000ed980000)
  to   space 2560K, 0% used [0x00000000ef880000,0x00000000ef880000,0x00000000efb00000)
 ParOldGen       total 42496K, used 18155K [0x00000000c2800000, 0x00000000c5180000, 0x00000000eb800000)
  object space 42496K, 42% used [0x00000000c2800000,0x00000000c39badb8,0x00000000c5180000)
 Metaspace       used 13172K, capacity 13378K, committed 13440K, reserved 1060864K
  class space    used 1338K, capacity 1408K, committed 1408K, reserved 1048576K
Event: 5,121 GC heap after
Heap after GC invocations=7 (full 1):
 PSYoungGen      total 61440K, used 526K [0x00000000eb800000, 0x00000000f0400000, 0x0000000100000000)
  eden space 58880K, 0% used [0x00000000eb800000,0x00000000eb800000,0x00000000ef180000)
  from space 2560K, 20% used [0x00000000ef880000,0x00000000ef9038a0,0x00000000efb00000)
  to   space 7168K, 0% used [0x00000000ef180000,0x00000000ef180000,0x00000000ef880000)
 ParOldGen       total 42496K, used 26355K [0x00000000c2800000, 0x00000000c5180000, 0x00000000eb800000)
  object space 42496K, 62% used [0x00000000c2800000,0x00000000c41bcdd8,0x00000000c5180000)
 Metaspace       used 13172K, capacity 13378K, committed 13440K, reserved 1060864K
  class space    used 1338K, capacity 1408K, committed 1408K, reserved 1048576K
}
Event: 16,878 GC heap before
{Heap before GC invocations=8 (full 1):
 PSYoungGen      total 61440K, used 59406K [0x00000000eb800000, 0x00000000f0400000, 0x0000000100000000)
  eden space 58880K, 100% used [0x00000000eb800000,0x00000000ef180000,0x00000000ef180000)
  from space 2560K, 20% used [0x00000000ef880000,0x00000000ef9038a0,0x00000000efb00000)
  to   space 7168K, 0% used [0x00000000ef180000,0x00000000ef180000,0x00000000ef880000)
 ParOldGen       total 42496K, used 26355K [0x00000000c2800000, 0x00000000c5180000, 0x00000000eb800000)
  object space 42496K, 62% used [0x00000000c2800000,0x00000000c41bcdd8,0x00000000c5180000)
 Metaspace       used 14338K, capacity 14498K, committed 14592K, reserved 1062912K
  class space    used 1467K, capacity 1504K, committed 1536K, reserved 1048576K
Event: 16,890 GC heap after
Heap after GC invocations=8 (full 1):
 PSYoungGen      total 66048K, used 5182K [0x00000000eb800000, 0x00000000f3b00000, 0x0000000100000000)
  eden space 58880K, 0% used [0x00000000eb800000,0x00000000eb800000,0x00000000ef180000)
  from space 7168K, 72% used [0x00000000ef180000,0x00000000ef68f930,0x00000000ef880000)
  to   space 8192K, 0% used [0x00000000f3300000,0x00000000f3300000,0x00000000f3b00000)
 ParOldGen       total 42496K, used 26363K [0x00000000c2800000, 0x00000000c5180000, 0x00000000eb800000)
  object space 42496K, 62% used [0x00000000c2800000,0x00000000c41bedd8,0x00000000c5180000)
 Metaspace       used 14338K, capacity 14498K, committed 14592K, reserved 1062912K
  class space    used 1467K, capacity 1504K, committed 1536K, reserved 1048576K
}
Event: 80,031 GC heap before
{Heap before GC invocations=9 (full 1):
 PSYoungGen      total 66048K, used 64062K [0x00000000eb800000, 0x00000000f3b00000, 0x0000000100000000)
  eden space 58880K, 100% used [0x00000000eb800000,0x00000000ef180000,0x00000000ef180000)
  from space 7168K, 72% used [0x00000000ef180000,0x00000000ef68f930,0x00000000ef880000)
  to   space 8192K, 0% used [0x00000000f3300000,0x00000000f3300000,0x00000000f3b00000)
 ParOldGen       total 42496K, used 26363K [0x00000000c2800000, 0x00000000c5180000, 0x00000000eb800000)
  object space 42496K, 62% used [0x00000000c2800000,0x00000000c41bedd8,0x00000000c5180000)
 Metaspace       used 14791K, capacity 14920K, committed 15232K, reserved 1062912K
  class space    used 1494K, capacity 1537K, committed 1664K, reserved 1048576K
Event: 80,040 GC heap after
Heap after GC invocations=9 (full 1):
 PSYoungGen      total 125440K, used 5056K [0x00000000eb800000, 0x00000000f3c00000, 0x0000000100000000)
  eden space 117248K, 0% used [0x00000000eb800000,0x00000000eb800000,0x00000000f2a80000)
  from space 8192K, 61% used [0x00000000f3300000,0x00000000f37f0020,0x00000000f3b00000)
  to   space 8704K, 0% used [0x00000000f2a80000,0x00000000f2a80000,0x00000000f3300000)
 ParOldGen       total 42496K, used 26395K [0x00000000c2800000, 0x00000000c5180000, 0x00000000eb800000)
  object space 42496K, 62% used [0x00000000c2800000,0x00000000c41c6dd8,0x00000000c5180000)
 Metaspace       used 14791K, capacity 14920K, committed 15232K, reserved 1062912K
  class space    used 1494K, capacity 1537K, committed 1664K, reserved 1048576K
}
Event: 156,324 GC heap before
{Heap before GC invocations=10 (full 1):
 PSYoungGen      total 125440K, used 122304K [0x00000000eb800000, 0x00000000f3c00000, 0x0000000100000000)
  eden space 117248K, 100% used [0x00000000eb800000,0x00000000f2a80000,0x00000000f2a80000)
  from space 8192K, 61% used [0x00000000f3300000,0x00000000f37f0020,0x00000000f3b00000)
  to   space 8704K, 0% used [0x00000000f2a80000,0x00000000f2a80000,0x00000000f3300000)
 ParOldGen       total 42496K, used 26395K [0x00000000c2800000, 0x00000000c5180000, 0x00000000eb800000)
  object space 42496K, 62% used [0x00000000c2800000,0x00000000c41c6dd8,0x00000000c5180000)
 Metaspace       used 14961K, capacity 15048K, committed 15232K, reserved 1062912K
  class space    used 1499K, capacity 1537K, committed 1664K, reserved 1048576K
Event: 156,338 GC heap after
Heap after GC invocations=10 (full 1):
 PSYoungGen      total 125952K, used 5264K [0x00000000eb800000, 0x00000000fae00000, 0x0000000100000000)
  eden space 117248K, 0% used [0x00000000eb800000,0x00000000eb800000,0x00000000f2a80000)
  from space 8704K, 60% used [0x00000000f2a80000,0x00000000f2fa41a8,0x00000000f3300000)
  to   space 8704K, 0% used [0x00000000fa580000,0x00000000fa580000,0x00000000fae00000)
 ParOldGen       total 42496K, used 26547K [0x00000000c2800000, 0x00000000c5180000, 0x00000000eb800000)
  object space 42496K, 62% used [0x00000000c2800000,0x00000000c41ecde8,0x00000000c5180000)
 Metaspace       used 14961K, capacity 15048K, committed 15232K, reserved 1062912K
  class space    used 1499K, capacity 1537K, committed 1664K, reserved 1048576K
}

